;  LST file generated by mikroListExporter - v.2.0 
; Date/Time: 11/2/2015 3:26:50 AM
;----------------------------------------------

;Address Opcode 	ASM
0x0000	0xF001EF12  	GOTO        548
0x0004	0x0000      	NOP
0x0006	0x0000      	NOP
0x0008	0xF000EF00  	GOTO        0
0x000C	0x0000      	NOP
0x000E	0x0000      	NOP
0x0010	0x0000      	NOP
0x0012	0x0000      	NOP
0x0014	0x0000      	NOP
0x0016	0x0000      	NOP
0x0018	0xD7F3      	BRA         0
_SETFUN32:
;__Lib_MathDouble.c,144 :: 		
;__Lib_MathDouble.c,152 :: 		
0x001C	0x840B      	BSF         R11, 2, 0
;__Lib_MathDouble.c,153 :: 		
0x001E	0xAE0B      	BTFSS       R11, 7, 0
;__Lib_MathDouble.c,154 :: 		
0x0020	0xF000EF19  	GOTO        SETFUN32EEE
;__Lib_MathDouble.c,156 :: 		
0x0024	0x0E01      	MOVLW       1
;__Lib_MathDouble.c,157 :: 		
0x0026	0x6E03      	MOVWF       R3, 0
;__Lib_MathDouble.c,158 :: 		
0x0028	0x6A02      	CLRF        R2, 0
;__Lib_MathDouble.c,159 :: 		
0x002A	0x6A01      	CLRF        R1, 0
;__Lib_MathDouble.c,160 :: 		
0x002C	0x6A00      	CLRF        R0, 0
;__Lib_MathDouble.c,161 :: 		
0x002E	0x360A      	RLCF        R10, 1, 0
;__Lib_MathDouble.c,162 :: 		
0x0030	0x3202      	RRCF        R2, 1, 0
;__Lib_MathDouble.c,163 :: 		
SETFUN32EEE:
;__Lib_MathDouble.c,164 :: 		
0x0032	0x0EFF      	MOVLW       255
;__Lib_MathDouble.c,166 :: 		
L_end_SETFUN32:
0x0034	0x0012      	RETURN      0
; end of _SETFUN32
_RES032:
;__Lib_MathDouble.c,128 :: 		
;__Lib_MathDouble.c,134 :: 		
0x0036	0x6A02      	CLRF        R2, 0
;__Lib_MathDouble.c,135 :: 		
0x0038	0x6A01      	CLRF        R1, 0
;__Lib_MathDouble.c,136 :: 		
0x003A	0x6A00      	CLRF        R0, 0
;__Lib_MathDouble.c,137 :: 		
0x003C	0x6A08      	CLRF        R8, 0
;__Lib_MathDouble.c,138 :: 		
0x003E	0x6A03      	CLRF        R3, 0
;__Lib_MathDouble.c,139 :: 		
0x0040	0x0E00      	MOVLW       0
;__Lib_MathDouble.c,141 :: 		
L_end_RES032:
0x0042	0x0012      	RETURN      0
; end of _RES032
_FIXSIGN32:
;__Lib_MathDouble.c,117 :: 		
;__Lib_MathDouble.c,121 :: 		
0x0044	0xAE0A      	BTFSS       R10, 7, 0
;__Lib_MathDouble.c,122 :: 		
0x0046	0x9E02      	BCF         R2, 7, 0
;__Lib_MathDouble.c,123 :: 		
0x0048	0x0E00      	MOVLW       0
;__Lib_MathDouble.c,125 :: 		
L_end_FIXSIGN32:
0x004A	0x0012      	RETURN      0
; end of _FIXSIGN32
_Delay_22us:
;__Lib_Delays.c,15 :: 		void Delay_22us() {
;__Lib_Delays.c,16 :: 		Delay_us(22);
0x004C	0x0E15      	MOVLW       21
0x004E	0x6E0D      	MOVWF       R13, 0
L_Delay_22us1:
0x0050	0x2E0D      	DECFSZ      R13, 1, 0
0x0052	0xD7FE      	BRA         L_Delay_22us1
0x0054	0x0000      	NOP
0x0056	0x0000      	NOP
;__Lib_Delays.c,17 :: 		}
L_end_Delay_22us:
0x0058	0x0012      	RETURN      0
; end of _Delay_22us
_NRM3232:
;__Lib_MathDouble.c,455 :: 		
;__Lib_MathDouble.c,463 :: 		
0x005A	0x6A0C      	CLRF        R12, 0
;__Lib_MathDouble.c,464 :: 		
0x005C	0x6A0E      	CLRF        R14, 0
;__Lib_MathDouble.c,465 :: 		
0x005E	0x5002      	MOVF        R2, 0, 0
;__Lib_MathDouble.c,466 :: 		
0x0060	0xA4D8      	BTFSS       STATUS, 2, 0
;__Lib_MathDouble.c,467 :: 		
0x0062	0xF000EF46  	GOTO        NORM3232
;__Lib_MathDouble.c,468 :: 		
0x0066	0xF002C001  	MOVFF       R1, R2
;__Lib_MathDouble.c,469 :: 		
0x006A	0xF001C000  	MOVFF       R0, R1
;__Lib_MathDouble.c,470 :: 		
0x006E	0x6A00      	CLRF        R0, 0
;__Lib_MathDouble.c,471 :: 		
0x0070	0x860E      	BSF         R14, 3, 0
;__Lib_MathDouble.c,473 :: 		
0x0072	0x5002      	MOVF        R2, 0, 0
;__Lib_MathDouble.c,474 :: 		
0x0074	0xA4D8      	BTFSS       STATUS, 2, 0
;__Lib_MathDouble.c,475 :: 		
0x0076	0xF000EF46  	GOTO        NORM3232
;__Lib_MathDouble.c,476 :: 		
0x007A	0xF002C001  	MOVFF       R1, R2
;__Lib_MathDouble.c,477 :: 		
0x007E	0x6A01      	CLRF        R1, 0
;__Lib_MathDouble.c,478 :: 		
0x0080	0x960E      	BCF         R14, 3, 0
;__Lib_MathDouble.c,479 :: 		
0x0082	0x880E      	BSF         R14, 4, 0
;__Lib_MathDouble.c,481 :: 		
0x0084	0x5002      	MOVF        R2, 0, 0
;__Lib_MathDouble.c,482 :: 		
0x0086	0xB4D8      	BTFSC       STATUS, 2, 0
;__Lib_MathDouble.c,483 :: 		
0x0088	0xF000EF58  	GOTO        JPNRES032
;__Lib_MathDouble.c,484 :: 		
NORM3232:
;__Lib_MathDouble.c,485 :: 		
0x008C	0x500E      	MOVF        R14, 0, 0
;__Lib_MathDouble.c,486 :: 		
0x008E	0x5E03      	SUBWF       R3, 1, 0
;__Lib_MathDouble.c,487 :: 		
0x0090	0xA4D8      	BTFSS       STATUS, 2, 0
;__Lib_MathDouble.c,488 :: 		
0x0092	0xA0D8      	BTFSS       STATUS, 0, 0
;__Lib_MathDouble.c,489 :: 		
0x0094	0xF000EF5D  	GOTO        JPNSETFUN32
;__Lib_MathDouble.c,490 :: 		
0x0098	0x90D8      	BCF         STATUS, 0, 0
;__Lib_MathDouble.c,491 :: 		
NORM3232A:
;__Lib_MathDouble.c,492 :: 		
0x009A	0xBE02      	BTFSC       R2, 7, 0
;__Lib_MathDouble.c,493 :: 		
0x009C	0xF000EF62  	GOTO        JMPNFIXSIGN32
;__Lib_MathDouble.c,494 :: 		
0x00A0	0x3600      	RLCF        R0, 1, 0
;__Lib_MathDouble.c,495 :: 		
0x00A2	0x3601      	RLCF        R1, 1, 0
;__Lib_MathDouble.c,496 :: 		
0x00A4	0x3602      	RLCF        R2, 1, 0
;__Lib_MathDouble.c,497 :: 		
0x00A6	0x2E03      	DECFSZ      R3, 1, 0
;__Lib_MathDouble.c,498 :: 		
0x00A8	0xF000EF4D  	GOTO        NORM3232A
;__Lib_MathDouble.c,499 :: 		
0x00AC	0xF000EF5D  	GOTO        JPNSETFUN32
;__Lib_MathDouble.c,500 :: 		
JPNRES032:
;__Lib_MathDouble.c,501 :: 		
0x00B0	0x0E01      	MOVLW       1
;__Lib_MathDouble.c,502 :: 		
0x00B2	0x6E0C      	MOVWF       R12, 0
;__Lib_MathDouble.c,504 :: 		
0x00B4	0xDFC0      	RCALL       _RES032
;__Lib_MathDouble.c,506 :: 		
0x00B6	0xF000EF65  	GOTO        NORM32EEE
;__Lib_MathDouble.c,507 :: 		
JPNSETFUN32:
;__Lib_MathDouble.c,508 :: 		
0x00BA	0x0E02      	MOVLW       2
;__Lib_MathDouble.c,509 :: 		
0x00BC	0x6E0C      	MOVWF       R12, 0
;__Lib_MathDouble.c,511 :: 		
0x00BE	0xDFAE      	RCALL       _SETFUN32
;__Lib_MathDouble.c,513 :: 		
0x00C0	0xF000EF65  	GOTO        NORM32EEE
;__Lib_MathDouble.c,514 :: 		
JMPNFIXSIGN32:
;__Lib_MathDouble.c,515 :: 		
0x00C4	0x0E04      	MOVLW       4
;__Lib_MathDouble.c,516 :: 		
0x00C6	0x6E0C      	MOVWF       R12, 0
;__Lib_MathDouble.c,518 :: 		
0x00C8	0xDFBD      	RCALL       _FIXSIGN32
;__Lib_MathDouble.c,520 :: 		
NORM32EEE:
;__Lib_MathDouble.c,527 :: 		
L_end_NRM3232:
0x00CA	0x0012      	RETURN      0
; end of _NRM3232
_Compare_Double:
;__Lib_MathDouble.c,2518 :: 		
;__Lib_MathDouble.c,2529 :: 		
0x00CC	0x6A0A      	CLRF        R10, 0
;__Lib_MathDouble.c,2530 :: 		
0x00CE	0x5003      	MOVF        R3, 0, 0
;__Lib_MathDouble.c,2531 :: 		
0x00D0	0xA4D8      	BTFSS       STATUS, 2, 0
;__Lib_MathDouble.c,2532 :: 		
0x00D2	0x800A      	BSF         R10, 0, 0
;__Lib_MathDouble.c,2533 :: 		
0x00D4	0x5007      	MOVF        R7, 0, 0
;__Lib_MathDouble.c,2534 :: 		
0x00D6	0xA4D8      	BTFSS       STATUS, 2, 0
;__Lib_MathDouble.c,2535 :: 		
0x00D8	0x820A      	BSF         R10, 1, 0
;__Lib_MathDouble.c,2537 :: 		
0x00DA	0x500A      	MOVF        R10, 0, 0
;__Lib_MathDouble.c,2538 :: 		
0x00DC	0xB4D8      	BTFSC       STATUS, 2, 0
;__Lib_MathDouble.c,2539 :: 		
0x00DE	0xF000EFC9  	GOTO        COMPARE_EQU
;__Lib_MathDouble.c,2540 :: 		
0x00E2	0x0A03      	XORLW       3
;__Lib_MathDouble.c,2541 :: 		
0x00E4	0xB4D8      	BTFSC       STATUS, 2, 0
;__Lib_MathDouble.c,2542 :: 		
0x00E6	0xF000EF82  	GOTO        COMPARE_NOTZERO
;__Lib_MathDouble.c,2544 :: 		
0x00EA	0xB00A      	BTFSC       R10, 0, 0
;__Lib_MathDouble.c,2545 :: 		
0x00EC	0xF000EF7D  	GOTO        COMPARE_XNOTZERO
;__Lib_MathDouble.c,2547 :: 		
0x00F0	0xAE06      	BTFSS       R6, 7, 0
;__Lib_MathDouble.c,2548 :: 		
0x00F2	0xF000EFC7  	GOTO        COMPARE_LT
;__Lib_MathDouble.c,2549 :: 		
0x00F6	0xF000EFC5  	GOTO        COMPARE_GT
;__Lib_MathDouble.c,2550 :: 		
COMPARE_XNOTZERO:
;__Lib_MathDouble.c,2551 :: 		
0x00FA	0xAE02      	BTFSS       R2, 7, 0
;__Lib_MathDouble.c,2552 :: 		
0x00FC	0xF000EFC5  	GOTO        COMPARE_GT
;__Lib_MathDouble.c,2553 :: 		
0x0100	0xF000EFC7  	GOTO        COMPARE_LT
;__Lib_MathDouble.c,2555 :: 		
COMPARE_NOTZERO:
;__Lib_MathDouble.c,2556 :: 		
0x0104	0x5002      	MOVF        R2, 0, 0
;__Lib_MathDouble.c,2557 :: 		
0x0106	0x0B80      	ANDLW       128
;__Lib_MathDouble.c,2558 :: 		
0x0108	0x6E0A      	MOVWF       R10, 0
;__Lib_MathDouble.c,2559 :: 		
0x010A	0x9E02      	BCF         R2, 7, 0
;__Lib_MathDouble.c,2561 :: 		
0x010C	0x5006      	MOVF        R6, 0, 0
;__Lib_MathDouble.c,2562 :: 		
0x010E	0x0B80      	ANDLW       128
;__Lib_MathDouble.c,2563 :: 		
0x0110	0x9E06      	BCF         R6, 7, 0
;__Lib_MathDouble.c,2565 :: 		
0x0112	0x180A      	XORWF       R10, 0, 0
;__Lib_MathDouble.c,2566 :: 		
0x0114	0xB4D8      	BTFSC       STATUS, 2, 0
;__Lib_MathDouble.c,2567 :: 		
0x0116	0xF000EF93  	GOTO        COMPARE_TESTALL
;__Lib_MathDouble.c,2569 :: 		
0x011A	0x500A      	MOVF        R10, 0, 0
;__Lib_MathDouble.c,2570 :: 		
0x011C	0xB4D8      	BTFSC       STATUS, 2, 0
;__Lib_MathDouble.c,2571 :: 		
0x011E	0xF000EFC5  	GOTO        COMPARE_GT
;__Lib_MathDouble.c,2572 :: 		
0x0122	0xF000EFC7  	GOTO        COMPARE_LT
;__Lib_MathDouble.c,2574 :: 		
COMPARE_TESTALL:
;__Lib_MathDouble.c,2575 :: 		
0x0126	0x5007      	MOVF        R7, 0, 0
;__Lib_MathDouble.c,2576 :: 		
0x0128	0x5C03      	SUBWF       R3, 0, 0
;__Lib_MathDouble.c,2577 :: 		
0x012A	0xB4D8      	BTFSC       STATUS, 2, 0
;__Lib_MathDouble.c,2578 :: 		
0x012C	0xF000EF9D  	GOTO        COMPARE_C1
;__Lib_MathDouble.c,2579 :: 		
0x0130	0xA0D8      	BTFSS       STATUS, 0, 0
;__Lib_MathDouble.c,2580 :: 		
0x0132	0xF000EFB9  	GOTO        GT_FALSE
;__Lib_MathDouble.c,2581 :: 		
0x0136	0xF000EFBF  	GOTO        GT_TRUE
;__Lib_MathDouble.c,2582 :: 		
COMPARE_C1:
;__Lib_MathDouble.c,2583 :: 		
0x013A	0x5006      	MOVF        R6, 0, 0
;__Lib_MathDouble.c,2584 :: 		
0x013C	0x5C02      	SUBWF       R2, 0, 0
;__Lib_MathDouble.c,2585 :: 		
0x013E	0xB4D8      	BTFSC       STATUS, 2, 0
;__Lib_MathDouble.c,2586 :: 		
0x0140	0xF000EFA7  	GOTO        COMPARE_C2
;__Lib_MathDouble.c,2587 :: 		
0x0144	0xA0D8      	BTFSS       STATUS, 0, 0
;__Lib_MathDouble.c,2588 :: 		
0x0146	0xF000EFB9  	GOTO        GT_FALSE
;__Lib_MathDouble.c,2589 :: 		
0x014A	0xF000EFBF  	GOTO        GT_TRUE
;__Lib_MathDouble.c,2590 :: 		
COMPARE_C2:
;__Lib_MathDouble.c,2591 :: 		
0x014E	0x5005      	MOVF        R5, 0, 0
;__Lib_MathDouble.c,2592 :: 		
0x0150	0x5C01      	SUBWF       R1, 0, 0
;__Lib_MathDouble.c,2593 :: 		
0x0152	0xB4D8      	BTFSC       STATUS, 2, 0
;__Lib_MathDouble.c,2594 :: 		
0x0154	0xF000EFB1  	GOTO        COMPARE_C3
;__Lib_MathDouble.c,2595 :: 		
0x0158	0xA0D8      	BTFSS       STATUS, 0, 0
;__Lib_MathDouble.c,2596 :: 		
0x015A	0xF000EFB9  	GOTO        GT_FALSE
;__Lib_MathDouble.c,2597 :: 		
0x015E	0xF000EFBF  	GOTO        GT_TRUE
;__Lib_MathDouble.c,2598 :: 		
COMPARE_C3:
;__Lib_MathDouble.c,2599 :: 		
0x0162	0x5004      	MOVF        R4, 0, 0
;__Lib_MathDouble.c,2600 :: 		
0x0164	0x5C00      	SUBWF       R0, 0, 0
;__Lib_MathDouble.c,2601 :: 		
0x0166	0xB4D8      	BTFSC       STATUS, 2, 0
;__Lib_MathDouble.c,2602 :: 		
0x0168	0xF000EFC9  	GOTO        COMPARE_EQU
;__Lib_MathDouble.c,2603 :: 		
0x016C	0xB0D8      	BTFSC       STATUS, 0, 0
;__Lib_MathDouble.c,2604 :: 		
0x016E	0xF000EFBF  	GOTO        GT_TRUE
;__Lib_MathDouble.c,2606 :: 		
GT_FALSE:
;__Lib_MathDouble.c,2607 :: 		
0x0172	0x520A      	MOVF        R10, 1, 0
;__Lib_MathDouble.c,2608 :: 		
0x0174	0xB4D8      	BTFSC       STATUS, 2, 0
;__Lib_MathDouble.c,2609 :: 		
0x0176	0xF000EFC7  	GOTO        COMPARE_LT
;__Lib_MathDouble.c,2610 :: 		
0x017A	0xF000EFC5  	GOTO        COMPARE_GT
;__Lib_MathDouble.c,2611 :: 		
GT_TRUE:
;__Lib_MathDouble.c,2612 :: 		
0x017E	0x520A      	MOVF        R10, 1, 0
;__Lib_MathDouble.c,2613 :: 		
0x0180	0xB4D8      	BTFSC       STATUS, 2, 0
;__Lib_MathDouble.c,2614 :: 		
0x0182	0xF000EFC5  	GOTO        COMPARE_GT
;__Lib_MathDouble.c,2615 :: 		
0x0186	0xF000EFC7  	GOTO        COMPARE_LT
;__Lib_MathDouble.c,2617 :: 		
COMPARE_GT:
;__Lib_MathDouble.c,2620 :: 		
0x018A	0x80D8      	BSF         STATUS, 0, 0
;__Lib_MathDouble.c,2621 :: 		
0x018C	0x0012      	RETURN      0
;__Lib_MathDouble.c,2622 :: 		
COMPARE_LT:
;__Lib_MathDouble.c,2625 :: 		
0x018E	0x90D8      	BCF         STATUS, 0, 0
;__Lib_MathDouble.c,2626 :: 		
0x0190	0x0012      	RETURN      0
;__Lib_MathDouble.c,2627 :: 		
COMPARE_EQU:
;__Lib_MathDouble.c,2630 :: 		
0x0192	0x80D8      	BSF         STATUS, 0, 0
;__Lib_MathDouble.c,2631 :: 		
0x0194	0x84D8      	BSF         STATUS, 2, 0
;__Lib_MathDouble.c,2632 :: 		
0x0196	0x0012      	RETURN      0
;__Lib_MathDouble.c,2634 :: 		
L_end_Compare_Double:
0x0198	0x0012      	RETURN      0
; end of _Compare_Double
___CC2DW:
;__Lib_System.c,21 :: 		
;__Lib_System.c,23 :: 		
_CC2DL_Loop1:
;__Lib_System.c,24 :: 		
0x019A	0x0009      	TBLRD*+
;__Lib_System.c,25 :: 		
0x019C	0xFFE6CFF5  	MOVFF       TABLAT, POSTINC1
;__Lib_System.c,26 :: 		
0x01A0	0x0600      	DECF        R0, 1, 0
;__Lib_System.c,27 :: 		
0x01A2	0xE1FB      	BNZ         _CC2DL_Loop1
;__Lib_System.c,28 :: 		
0x01A4	0x0601      	DECF        R1, 1, 0
;__Lib_System.c,29 :: 		
0x01A6	0xE1F9      	BNZ         _CC2DL_Loop1
;__Lib_System.c,31 :: 		
L_end___CC2DW:
0x01A8	0x0012      	RETURN      0
; end of ___CC2DW
_ADC_Init:
;__Lib_ADC_A_D.c,6 :: 		
;__Lib_ADC_A_D.c,7 :: 		
0x01AA	0x0EFF      	MOVLW       _ADC_Get_Sample
0x01AC	0x6E19      	MOVWF       _ADC_Get_Sample_Ptr 
0x01AE	0x0EFF      	MOVLW       hi_addr(_ADC_Get_Sample)
0x01B0	0x6E1A      	MOVWF       _ADC_Get_Sample_Ptr+1 
0x01B2	0x0EFF      	MOVLW       FARG_ADC_Get_Sample_channel
0x01B4	0x6E1B      	MOVWF       _ADC_Get_Sample_Ptr+2 
0x01B6	0x0EFF      	MOVLW       hi_addr(FARG_ADC_Get_Sample_channel)
0x01B8	0x6E1C      	MOVWF       _ADC_Get_Sample_Ptr+3 
;__Lib_ADC_A_D.c,9 :: 		
0x01BA	0x6AC2      	CLRF        ADCON0 
;__Lib_ADC_A_D.c,10 :: 		
0x01BC	0x0E07      	MOVLW       7
0x01BE	0x12C0      	IORWF       ADCON2, 1 
;__Lib_ADC_A_D.c,11 :: 		
0x01C0	0x8EC0      	BSF         ADCON2, 7 
;__Lib_ADC_A_D.c,12 :: 		
0x01C2	0x80C2      	BSF         ADCON0, 0 
;__Lib_ADC_A_D.c,13 :: 		
L_end_ADC_Init:
0x01C4	0x0012      	RETURN      0
; end of _ADC_Init
_Word2Double:
;__Lib_MathDouble.c,2335 :: 		
;__Lib_MathDouble.c,2344 :: 		
0x01C6	0x5000      	MOVF        R0, 0, 0
;__Lib_MathDouble.c,2345 :: 		
0x01C8	0x6E08      	MOVWF       R8, 0
;__Lib_MathDouble.c,2346 :: 		
0x01CA	0x5001      	MOVF        R1, 0, 0
;__Lib_MathDouble.c,2347 :: 		
0x01CC	0x6E00      	MOVWF       R0, 0
;__Lib_MathDouble.c,2348 :: 		
0x01CE	0x6A01      	CLRF        R1, 0
;__Lib_MathDouble.c,2349 :: 		
0x01D0	0x6A02      	CLRF        R2, 0
;__Lib_MathDouble.c,2350 :: 		
0x01D2	0x6A03      	CLRF        R3, 0
;__Lib_MathDouble.c,2353 :: 		
0x01D4	0x6A0B      	CLRF        R11, 0
;__Lib_MathDouble.c,2354 :: 		
0x01D6	0x6A0C      	CLRF        R12, 0
;__Lib_MathDouble.c,2356 :: 		
0x01D8	0x0E96      	MOVLW       150
;__Lib_MathDouble.c,2357 :: 		
0x01DA	0x6E03      	MOVWF       R3, 0
;__Lib_MathDouble.c,2358 :: 		
0x01DC	0x6A0A      	CLRF        R10, 0
;__Lib_MathDouble.c,2360 :: 		
0x01DE	0xF001C000  	MOVFF       R0, R1
;__Lib_MathDouble.c,2361 :: 		
0x01E2	0xF000C008  	MOVFF       R8, R0
;__Lib_MathDouble.c,2362 :: 		
0x01E6	0x6A08      	CLRF        R8, 0
;__Lib_MathDouble.c,2363 :: 		
0x01E8	0x6A02      	CLRF        R2, 0
;__Lib_MathDouble.c,2365 :: 		
0x01EA	0xDF37      	RCALL       _NRM3232
;__Lib_MathDouble.c,2366 :: 		
L_end_Word2Double:
0x01EC	0x0012      	RETURN      0
; end of _Word2Double
_ADC_Read:
;__Lib_ADC_A_D.c,35 :: 		
;__Lib_ADC_A_D.c,38 :: 		
0x01EE	0x6AC2      	CLRF        ADCON0 
;__Lib_ADC_A_D.c,39 :: 		
0x01F0	0x0E07      	MOVLW       7
0x01F2	0x12C0      	IORWF       ADCON2, 1 
;__Lib_ADC_A_D.c,40 :: 		
0x01F4	0x8EC0      	BSF         ADCON2, 7 
;__Lib_ADC_A_D.c,41 :: 		
0x01F6	0xF000C01D  	MOVFF       FARG_ADC_Read_channel, R0
0x01FA	0x3600      	RLCF        R0, 1 
0x01FC	0x9000      	BCF         R0, 0 
0x01FE	0x3600      	RLCF        R0, 1 
0x0200	0x9000      	BCF         R0, 0 
0x0202	0x5000      	MOVF        R0, 0 
0x0204	0x12C2      	IORWF       ADCON0, 1 
;__Lib_ADC_A_D.c,42 :: 		
0x0206	0x80C2      	BSF         ADCON0, 0 
;__Lib_ADC_A_D.c,43 :: 		
0x0208	0xDF21      	RCALL       _Delay_22us
;__Lib_ADC_A_D.c,44 :: 		
0x020A	0x82C2      	BSF         ADCON0, 1 
;__Lib_ADC_A_D.c,45 :: 		
L_ADC_Read2:
0x020C	0xA2C2      	BTFSS       ADCON0, 1 
0x020E	0xD001      	BRA         L_ADC_Read3
;__Lib_ADC_A_D.c,46 :: 		
0x0210	0xD7FD      	BRA         L_ADC_Read2
L_ADC_Read3:
;__Lib_ADC_A_D.c,47 :: 		
0x0212	0xF001CFC4  	MOVFF       ADRESH, R1
0x0216	0x6A00      	CLRF        R0 
;__Lib_ADC_A_D.c,48 :: 		
0x0218	0x50C3      	MOVF        ADRESL, 0 
0x021A	0x1200      	IORWF       R0, 1 
0x021C	0x0E00      	MOVLW       0
0x021E	0x1201      	IORWF       R1, 1 
;__Lib_ADC_A_D.c,49 :: 		
0x0220	0x90C2      	BCF         ADCON0, 0 
;__Lib_ADC_A_D.c,51 :: 		
;__Lib_ADC_A_D.c,52 :: 		
L_end_ADC_Read:
0x0222	0x0012      	RETURN      0
; end of _ADC_Read
_main:
0x0224	0x6A15      	CLRF        _source 
0x0226	0x6A16      	CLRF        22 
0x0228	0x6A17      	CLRF        23 
0x022A	0x6A18      	CLRF        24 
;MyProject.c,6 :: 		void main() {
;MyProject.c,7 :: 		ADCON1=0x0D;                  // Configure RE1 pin as input
0x022C	0x0E0D      	MOVLW       13
0x022E	0x6EC1      	MOVWF       ADCON1 
;MyProject.c,8 :: 		CMCON=7;
0x0230	0x0E07      	MOVLW       7
0x0232	0x6EB4      	MOVWF       CMCON 
;MyProject.c,9 :: 		TRISB.F6=0;
0x0234	0x9C93      	BCF         TRISB, 6 
;MyProject.c,10 :: 		ADC_Init();                        // Initialize ADC
0x0236	0xDFB9      	RCALL       _ADC_Init
;MyProject.c,12 :: 		while(1){
L_main0:
;MyProject.c,13 :: 		source=Adc_Read(1);
0x0238	0x0E01      	MOVLW       1
0x023A	0x6E1D      	MOVWF       FARG_ADC_Read_channel 
0x023C	0xDFD8      	RCALL       _ADC_Read
0x023E	0xDFC3      	RCALL       _Word2Double
0x0240	0xF015C000  	MOVFF       R0, _source
0x0244	0xF016C001  	MOVFF       R1, _source+1
0x0248	0xF017C002  	MOVFF       R2, _source+2
0x024C	0xF018C003  	MOVFF       R3, _source+3
;MyProject.c,14 :: 		PORTB.F6=0;
0x0250	0x9C81      	BCF         PORTB, 6 
;MyProject.c,15 :: 		if(source>600){
0x0252	0xF004C000  	MOVFF       R0, R4
0x0256	0xF005C001  	MOVFF       R1, R5
0x025A	0xF006C002  	MOVFF       R2, R6
0x025E	0xF007C003  	MOVFF       R3, R7
0x0262	0x0E00      	MOVLW       0
0x0264	0x6E00      	MOVWF       R0 
0x0266	0x0E00      	MOVLW       0
0x0268	0x6E01      	MOVWF       R1 
0x026A	0x0E16      	MOVLW       22
0x026C	0x6E02      	MOVWF       R2 
0x026E	0x0E88      	MOVLW       136
0x0270	0x6E03      	MOVWF       R3 
0x0272	0xDF2C      	RCALL       _Compare_Double
0x0274	0x0E01      	MOVLW       1
0x0276	0xB0D8      	BTFSC       STATUS, 0 
0x0278	0x0E00      	MOVLW       0
0x027A	0x6E00      	MOVWF       R0 
0x027C	0x5200      	MOVF        R0, 1 
0x027E	0xE00F      	BZ          L_main2
;MyProject.c,16 :: 		delay_ms(500);     // when temperature goes higher than 30 degree , fan turns on .
0x0280	0x0E08      	MOVLW       8
0x0282	0x6E0B      	MOVWF       R11, 0
0x0284	0x0E9D      	MOVLW       157
0x0286	0x6E0C      	MOVWF       R12, 0
0x0288	0x0E05      	MOVLW       5
0x028A	0x6E0D      	MOVWF       R13, 0
L_main3:
0x028C	0x2E0D      	DECFSZ      R13, 1, 0
0x028E	0xD7FE      	BRA         L_main3
0x0290	0x2E0C      	DECFSZ      R12, 1, 0
0x0292	0xD7FC      	BRA         L_main3
0x0294	0x2E0B      	DECFSZ      R11, 1, 0
0x0296	0xD7FA      	BRA         L_main3
0x0298	0x0000      	NOP
0x029A	0x0000      	NOP
;MyProject.c,17 :: 		PORTB.F6=1;
0x029C	0x8C81      	BSF         PORTB, 6 
;MyProject.c,18 :: 		}
L_main2:
;MyProject.c,19 :: 		}
0x029E	0xD7CC      	BRA         L_main0
;MyProject.c,20 :: 		}
L_end_main:
0x02A0	0xD7FF      	BRA         $+0
; end of _main
Symbol List:
//** Routines locations **
//ADDRESS    SIZE    PROCEDURE
//----------------------------------------------
0x001C      [26]    _SETFUN32
0x0036      [14]    _RES032
0x0044       [8]    _FIXSIGN32
0x004C      [14]    _Delay_22us
0x005A     [114]    _NRM3232
0x00CC     [206]    _Compare_Double
0x019A      [16]    ___CC2DW
0x01AA      [28]    _ADC_Init
0x01C6      [40]    _Word2Double
0x01EE      [54]    _ADC_Read
0x0224     [126]    _main
//** Variables locations ** 
//ADDRESS    SIZE    VARIABLE
//----------------------------------------------
0x0000       [1]    FLASH_Erase_64_SaveINTCON_L0
0x0000       [1]    UART1_Init_tmp_L0
0x0000       [1]    R0
0x0000       [1]    SPI1_Write_tmp_L0
0x0000       [1]    EEPROM_Write_SaveINTCON_L0
0x0000       [1]    __Lib_SoftI2C_PutZerosToLATScl_temp_scl_L0
0x0000       [1]    __Lib_SoftI2C_PutZerosToLATSda_temp_sda_L0
0x0001       [1]    ispunct_rslt_L0
0x0001       [1]    __Lib_TFT_16bit_JPEG_FileRead_i_L0
0x0001       [1]    __Lib_TFT_JPEG_FileReadBytes_Result_L0
0x0001       [1]    UART1_Read___tmp_UART1_Read_L0
0x0001       [1]    __Lib_PS2_Wait_Falling_nsample_L0
0x0001       [1]    FLASH_Erase_Write_64_i_L0
0x0001       [1]    I2C1_Rd_tmp_L0
0x0001       [1]    __Lib_TFT_JPEG_FileRead_i_L0
0x0001       [2]    FLASH_Read_N_Bytes_i_L0
0x0001       [1]    __Lib_TFT_16bit_JPEG_FileReadBytes_Result_L0
0x0001       [1]    R1
0x0001       [1]    FLASH_Write_32_i_L0
0x0002       [1]    __Lib_USB_genHID_USB_CtrlTrf_Rx_Service_byteToRead_L0
0x0002       [2]    memchr_s_L0
0x0002       [2]    memset_pp_L0
0x0002       [2]    __Lib_USB_genHID_memset_usb_int_pp_L0
0x0002       [1]    FLASH_Write_32_SaveINTCON_L0
0x0002       [1]    FLASH_Erase_Write_64_j_L0
0x0002       [2]    __Lib_USB_genHID_memset_usb_pp_L0
0x0002       [2]    strlen_cp_L0
0x0002       [2]    memcpy_dd_L0
0x0002       [1]    R2
0x0003       [1]    __Lib_USB_genHID_USB_CtrlTrf_Rx_Service_i_L0
0x0003       [2]    MM_TotalFreeMemSize_Tot_L0
0x0003       [1]    FLASH_Erase_Write_64_SaveINTCON_L0
0x0003       [1]    MM_Init_i_L0
0x0003       [2]    __Lib_USB_genHID_USB_CtrlTrf_Tx_Service_byteToSend_L0
0x0003       [2]    memmove_tt_L0
0x0003       [1]    R3
0x0003       [2]    Ltrim_original_L0
0x0003       [2]    __Lib_MmcFat16_f16_toInt_l_L0
0x0004       [2]    strncpy_cp_L0
0x0004       [2]    strcpy_cp_L0
0x0004       [2]    __Lib_USB_genHID_USB_Transfer_Packet_handle_L0
0x0004       [2]    __Lib_USB_genHID_USB_Transfer_Packet_Int_handle_L0
0x0004       [2]    __Lib_MemManager_MM_GetMemAlign_P_L0
0x0004       [2]    frexp_pom_L0
0x0004       [2]    strcat_cp_L0
0x0004       [1]    R4
0x0004       [2]    strncat_cp_L0
0x0004       [2]    __Lib_USB_genHID_USB_Get_Status_Handler_p_L2
0x0004       [2]    __Lib_USB_genHID_USB_Std_Feature_Req_Handler_p_L0
0x0004       [2]    memcpy_ss_L0
0x0005       [1]    MM_TotalFreeMemSize_i_L0
0x0005       [2]    memmove_ff_L0
0x0005       [2]    Ltrim_p_L0
0x0005       [1]    R5
0x0005       [2]    LongWordToHex_input_half_L0
0x0005       [2]    LongIntToHex_input_half_L0
0x0005       [2]    __Lib_USB_genHID_USB_Configure_Endpoint_handle_L0
0x0006       [1]    __Lib_MemManager_MM_GetMemAlign_i_L0
0x0006       [1]    R6
0x0007       [1]    R7
0x0007       [1]    __Lib_TFT_16bit_JPEG_GenerateHuffmanTables_bLength_L0
0x0007       [1]    __Lib_TFT_JPEG_GenerateHuffmanTables_bLength_L0
0x0008       [1]    __Lib_TFT_JPEG_GenerateHuffmanTables_bTable_L0
0x0008       [1]    __Lib_TFT_16bit_JPEG_GenerateHuffmanTables_bTable_L0
0x0008       [1]    R8
0x0009       [4]    __Lib_MmcFat16_f16_toLong_l_L0
0x0009       [1]    R9
0x000A       [1]    R10
0x000B       [1]    R11
0x000C       [1]    R12
0x000D       [1]    R13
0x000E       [1]    R14
0x000F       [1]    R15
0x0010       [1]    R16
0x0011       [1]    R17
0x0012       [1]    R18
0x0013       [1]    R19
0x0014       [1]    R20
0x0015       [4]    _source
0x0019       [4]    _ADC_Get_Sample_Ptr
0x001D       [1]    FARG_ADC_Read_channel
0x0F81       [1]    PORTB
0x0F93       [1]    TRISB
0x0FB4       [1]    CMCON
0x0FC0       [1]    ADCON2
0x0FC1       [1]    ADCON1
0x0FC2       [1]    ADCON0
0x0FC3       [1]    ADRESL
0x0FC4       [1]    ADRESH
0x0FD8       [1]    STATUS
0x0FD9       [1]    FSR2L
0x0FDA       [1]    FSR2H
0x0FDE       [1]    POSTINC2
0x0FE0       [1]    BSR
0x0FE1       [1]    FSR1L
0x0FE2       [1]    FSR1H
0x0FE4       [1]    PREINC1
0x0FE6       [1]    POSTINC1
0x0FE7       [1]    INDF1
0x0FE8       [1]    WREG
0x0FE9       [1]    FSR0L
0x0FEA       [1]    FSR0H
0x0FEE       [1]    POSTINC0
0x0FF3       [1]    PRODL
0x0FF4       [1]    PRODH
0x0FF5       [1]    TABLAT
0x0FF6       [1]    TBLPTRL
0x0FF7       [1]    TBLPTRH
0x0FF8       [1]    TBLPTRU
//** Label List: ** 
//----------------------------------------------
  L_main0
  L_main1
  L_main2
  L_main3
  L_end_main
  _main
  L_ADC_Get_Sample0
  L_ADC_Get_Sample1
  L_ADC_Read2
  L_ADC_Read3
  L_end_ADC_Init
  _ADC_Init
  L_end_ADC_Get_Sample
  _ADC_Get_Sample
  L_end_ADC_Read
  _ADC_Read
  L_Delay_10us0
  L_Delay_22us1
  L_Delay_50us2
  L_Delay_80us3
  L_Delay_500us4
  L_Delay_5500us5
  L_Delay_1ms6
  L_Delay_5ms7
  L_Delay_8ms8
  L_Delay_100ms9
  L_Delay_10ms10
  L_Delay_1sec11
  L____Boot_Delay4k12
  L____Boot_Delay8k13
  L____Boot_Delay12k14
  L____Boot_Delay16k15
  L____Boot_Delay24k16
  L____Boot_Delay32k17
  L____Boot_Delay48k18
  L____Boot_Delay64k19
  L____Boot_Delay128k20
  L_Delay_Cyc21
  L_Delay_Cyc22
  L_VDelay_ms23
  L_VDelay_ms24
  L_VDelay_ms25
  L_VDelay_Advanced_ms26
  L_VDelay_Advanced_ms27
  L_VDelay_Advanced_ms28
  L_end_Get_Fosc_kHz
  _Get_Fosc_kHz
  L_end_Delay_1us
  _Delay_1us
  L_end_Delay_10us
  _Delay_10us
  L_end_Delay_22us
  _Delay_22us
  L_end_Delay_50us
  _Delay_50us
  L_end_Delay_80us
  _Delay_80us
  L_end_Delay_500us
  _Delay_500us
  L_end_Delay_5500us
  _Delay_5500us
  L_end_Delay_1ms
  _Delay_1ms
  L_end_Delay_5ms
  _Delay_5ms
  L_end_Delay_8ms
  _Delay_8ms
  L_end_Delay_100ms
  _Delay_100ms
  L_end_Delay_10ms
  _Delay_10ms
  L_end_Delay_1sec
  _Delay_1sec
  L_end____Boot_Delay4k
  ____Boot_Delay4k
  L_end____Boot_Delay8k
  ____Boot_Delay8k
  L_end____Boot_Delay12k
  ____Boot_Delay12k
  L_end____Boot_Delay16k
  ____Boot_Delay16k
  L_end____Boot_Delay24k
  ____Boot_Delay24k
  L_end____Boot_Delay32k
  ____Boot_Delay32k
  L_end____Boot_Delay48k
  ____Boot_Delay48k
  L_end____Boot_Delay64k
  ____Boot_Delay64k
  L_end____Boot_Delay128k
  ____Boot_Delay128k
  L_end_Delay_Cyc
  _Delay_Cyc
  L_end_VDelay_ms
  _VDelay_ms
  L__VDelay_ms54
  L__VDelay_ms55
  L__VDelay_ms56
  L_end_VDelay_Advanced_ms
  _VDelay_Advanced_ms
  L__VDelay_Advanced_ms58
  L__VDelay_Advanced_ms59
  L__VDelay_Advanced_ms60
  SETFOV32EEE
  SETFUN32EEE
  NRMRND4032
  NRM40JPSETFOV32
  NRM4032
  NRM4032A
  TNIB4032
  NORM4032
  TNORMUN4032
  NRM40JPSETFUN32
  NRM40JPFIXSIGN32
  NRM4032B
  TNIB4032A
  NORM4032A
  NRM4032C
  TNIB4032B
  NORM4032B
  NRM40JPRES032
  TNIB4032C
  NORM4032C
  NRM40EEE
  NORM3232
  JPNRES032
  JPNSETFUN32
  NORM3232A
  JMPNFIXSIGN32
  NORM32EEE
  SETIOV3224EEE
  FPA32
  USEA32
  USEB32
  BRETURN32
  BLIGNED32
  BNIB32
  BNIB32A
  BNIB32B
  BNIB32C
  ADDEOK
  BLOOP32C
  BLOOP32B
  BLOOP32A
  BLOOP32
  AOK32
  BNE032
  ALIGNED32
  ANIB32
  ANIB32A
  ANIB32B
  ANIB32C
  ALOOP32C
  ALOOP32B
  ALOOP32A
  ALOOP32
  ACOMP32
  ADDJPNRMRND4032
  ADDJPSETFOV32
  ADDJPNRM4032
  ADDEEE
  FPS32
  FPM32
  MULJPRES032
  M32BNE0
  MTUN32
  MULJPSETFOV32
  MOK32
  MULJPSETFUN32
  MROUND32
  MUL32OK
  MULEEE
  L_Div_32x32_FP11
  L_Div_32x32_FP12
  L_Div_32x32_FP13
  L_Div_32x32_FP14
  FPD32
  JPDSETFDZ32
  JPDRES032
  D32BNE0
  TALIGN32
  TS1ALIGN32
  TS2ALIGN32
  DALIGN32OK
  ALTB32
  AGEB32
  JPDSETFOV32
  DARGOK32
  JPDSETFUN32
  DLOOP32
  DS132
  DS232
  DREST32
  DOK32
  DAREST32
  DROUND32
  DIV32OK
  DIV32EEE
  INT3232U
  INT3232UEOK
  SETEXP32U
  SETIOV32U
  TSHIFT3232U
  SHIFT3232UOK
  SHIFT3232U
  INT3232UOK
  JPLSETIOV3224
  IRES032U
  INT3232UEER
  INT3232UEEE
  INT3232
  INT3232EOK
  SETIOV32
  TSHIFT3232
  SHIFT3232OK
  SHIFT3232
  INT3232OK
  JPISETIOV3224
  IRES032
  INT3232EER
  INT3232EEE
  INT3216
  IRES016
  SETIOV16
  TSHIFT3216
  SHIFT3216OK
  SHIFT3216
  INT3216OK
  JPJSETIOV3224
  INT3216EOK
  INT3216EER
  INT3216EEE
  INT3216U
  IRES016U
  SETEXP16U
  SETIOV16U
  TSHIFT3216U
  SHIFT3216UOK
  SHIFT3216U
  INT3216UOK
  JPKSETIOV3224
  INT3216UEOK
  INT3216UEER
  INT3216UEEE
  INT32U08
  IRES008
  SETEXP08
  SETIOV08
  TSHIFT3208
  SHIFT3208OK
  SHIFT3208
  INT3208OK
  D2B_JPKSETIOV3224
  INT3208EOK
  INT3208EER
  INT3208EEE
  FLO08U32
  FLO1632
  FLO1632EEE
  FLO16U32
  FLO3232
  FLO3232EEE
  FLO32U32
  EQU_FALSE
  COMPARE_EQU
  COMPARE_NOTZERO
  COMPARE_XNOTZERO
  COMPARE_YNOTZERO
  COMPARE_LT
  COMPARE_GT
  COMPARE_TESTALL
  COMPARE_C1
  GT_FALSE
  GT_TRUE
  COMPARE_C2
  COMPARE_C3
  L_end_SETFOV32
  _SETFOV32
  L_end_SETFDZ32
  _SETFDZ32
  L_end_FIXSIGN32
  _FIXSIGN32
  L_end_RES032
  _RES032
  L_end_SETFUN32
  _SETFUN32
  L_end_NRM4032
  _NRM4032
  L_end_NRM3232
  _NRM3232
  L_end_SETIOV3224
  _SETIOV3224
  L_end_Add_32x32_FP
  _Add_32x32_FP
  L_end_Sub_32x32_FP
  _Sub_32x32_FP
  L_end_Mul_32x32_FP
  _Mul_32x32_FP
  L_end_Div_32x32_FP
  _Div_32x32_FP
  L_end_Double2Longword
  _Double2Longword
  L_end_Double2Longint
  _Double2Longint
  L_end_Double2Int
  _Double2Int
  L_end_Double2Word
  _Double2Word
  L_end_Double2Byte
  _Double2Byte
  L_end_Byte2Double
  _Byte2Double
  L_end_Int2Double
  _Int2Double
  L_end_Word2Double
  _Word2Double
  L_end_Longint2Double
  _Longint2Double
  L_end_Longword2Double
  _Longword2Double
  L_end_Equals_Double
  _Equals_Double
  L_end_Compare_Double
  _Compare_Double
  _CC2D_Loop1
  _CC2DL_Loop1
  L_loopCA2AWs
  L_loopCCA2AWs
  L_loopCS2Ss
  L_CS2Send
  L_loopCCS2Ss
  L_CCS2Send
  L_loopFZinSWs
  L_longjmp7
  L_end___CC2D
  ___CC2D
  L_end___CC2DW
  ___CC2DW
  L_end___CA2AW
  ___CA2AW
  L_end___CCA2AW
  ___CCA2AW
  L_end___CS2S
  ___CS2S
  L_end___CCS2S
  ___CCS2S
  L_end___FZinS
  ___FZinS
  L_end_____DoIFC
  _____DoIFC
  L_end_Swap
  _Swap
  L_end_setjmp
  _setjmp
  L_end_longjmp
  _longjmp
